[debug] > Exec(early(addDefaultCommands), None, None)
[debug] > Exec(addDefaultCommands, None, None)
[debug] > Exec(early(initialize), None, None)
[debug] > Exec(initialize, None, None)
[debug] > Exec(early(addPluginSbtFile="""C:\Users\ALEXAN~1\AppData\Local\Temp\idea.sbt"""), None, None)
[debug] > Exec(addPluginSbtFile="""C:\Users\ALEXAN~1\AppData\Local\Temp\idea.sbt""", None, None)
[debug] > Exec(boot, None, None)
[debug] > Exec(writeSbtVersion, None, None)
[debug] > Exec(reload, None, None)
[debug] > Exec(sbtStashOnFailure, None, None)
[debug] > Exec(onFailure loadFailed, None, None)
[debug] > Exec(loadp, None, None)
[info] welcome to sbt 1.10.1 (Oracle Corporation Java 17.0.12)
[debug] Load.defaultLoad until apply took 350.6544ms
[debug]           Load.loadUnit: plugins took 164.7574ms
[debug]           Load.loadUnit: defsScala took 0.5445ms
[debug] [Loading] Scanning directory C:\Users\Alexander George\IdeaProjects\HWCS476\project
[debug]             Load.loadUnit: mkEval took 10.1425ms
[debug] [Loading] Found non-root projects 
[debug] [Loading] Done in C:\Users\Alexander George\IdeaProjects\HWCS476\project, returning: ()
[debug] deducing auto plugins based on known facts Set(Atom(sbt.plugins.CorePlugin)) and clauses Clauses(Clause(Atom(sbt.plugins.JvmPlugin),Set(Atom(sbt.plugins.IvyPlugin)))
[debug] Clause(Atom(sbt.ScriptedPlugin),Set(Atom(sbt.plugins.JvmPlugin)))
[debug] Clause(Atom(sbt.plugins.SbtPlugin),Set(Atom(sbt.ScriptedPlugin)))
[debug] Clause(Atom(sbt.plugins.SemanticdbPlugin),Set(Atom(sbt.plugins.JvmPlugin)))
[debug] Clause(Atom(sbt.plugins.JUnitXmlReportPlugin),Set(Atom(sbt.plugins.JvmPlugin)))
[debug] Clause(Atom(sbt.plugins.MiniDependencyTreePlugin),Set(Atom(sbt.plugins.JvmPlugin)))
[debug] Clause(Atom(sbt.plugins.CorePlugin),Set(Atom(sbt.plugins.IvyPlugin)))
[debug] Clause(Atom(sbt.plugins.IvyPlugin),Set(Atom(sbt.plugins.JvmPlugin)))
[debug] Clause(Atom(sbt.plugins.JvmPlugin),Set(Atom(sbt.plugins.SemanticdbPlugin)))
[debug] Clause(Atom(sbt.plugins.JvmPlugin),Set(Atom(sbt.plugins.JUnitXmlReportPlugin)))
[debug] Clause(Atom(sbt.plugins.CorePlugin),Set(Atom(sbt.plugins.Giter8TemplatePlugin)))
[debug] Clause(Atom(sbt.plugins.JvmPlugin),Set(Atom(sbt.plugins.MiniDependencyTreePlugin))))
[debug]   :: deduced result: Matched(sbt.plugins.CorePlugin,sbt.plugins.Giter8TemplatePlugin,sbt.plugins.IvyPlugin,sbt.plugins.JvmPlugin,sbt.plugins.MiniDependencyTreePlugin,sbt.plugins.JUnitXmlReportPlugin,sbt.plugins.SemanticdbPlugin)
[debug] Plugins.deducer#function took 26.0395 ms
[info] loading settings for project hwcs476-build from idea.sbt ...
[debug]               Load.resolveProject(hwcs476-build) took 65.3919ms
[debug]             Load.loadTransitive: finalizeProject(Project(id hwcs476-build, base: C:\Users\Alexander George\IdeaProjects\HWCS476\project, plugins: List(<none>))) took 102.8021ms
[debug] [Loading] Done in C:\Users\Alexander George\IdeaProjects\HWCS476\project, returning: (hwcs476-build)
[debug]           Load.loadUnit: loadedProjectsRaw took 4668.8561ms
[debug]           Load.loadUnit: cleanEvalClasses took 11.912ms
[debug]         Load.loadUnit(file:/C:/Users/Alexander%20George/IdeaProjects/HWCS476/project/, ...) took 4856.815ms
[debug]       Load.apply: load took 5057.1007ms
[debug]       Load.apply: resolveProjects took 10.6427ms
[debug]       Load.apply: finalTransforms took 103.6193ms
[debug]       Load.apply: config.delegates took 13.8496ms
[debug]       Load.apply: Def.make(settings)... took 607.428ms
[debug]       Load.apply: structureIndex took 149.1092ms
[debug]       Load.apply: mkStreams took 3.4854ms
[info] loading project definition from C:\Users\Alexander George\IdeaProjects\HWCS476\project
[debug] Running task... Cancel: Signal, check cycles: false, forcegc: true
[debug]     Load.loadUnit: plugins took 8845.2213ms
[debug]     Load.loadUnit: defsScala took 0.0045ms
[debug] [Loading] Scanning directory C:\Users\Alexander George\IdeaProjects\HWCS476
[debug]       Load.loadUnit: mkEval took 0.3897ms
[debug] [Loading] Found root project root w/ remaining 
[debug] deducing auto plugins based on known facts Set(Atom(sbt.plugins.CorePlugin)) and clauses Clauses(Clause(Atom(sbt.plugins.JvmPlugin),Set(Atom(sbt.plugins.IvyPlugin)))
[debug] Clause(Atom(sbt.ScriptedPlugin),Set(Atom(sbt.plugins.JvmPlugin)))
[debug] Clause(Atom(sbt.plugins.SbtPlugin),Set(Atom(sbt.ScriptedPlugin)))
[debug] Clause(Atom(sbt.plugins.SemanticdbPlugin),Set(Atom(sbt.plugins.JvmPlugin)))
[debug] Clause(Atom(sbt.plugins.JUnitXmlReportPlugin),Set(Atom(sbt.plugins.JvmPlugin)))
[debug] Clause(Atom(sbt.plugins.MiniDependencyTreePlugin),Set(Atom(sbt.plugins.JvmPlugin)))
[debug] Clause(Atom(org.jetbrains.sbt.StructurePlugin),Set(Atom(sbt.plugins.JvmPlugin)))
[debug] Clause(Atom(org.jetbrains.sbt.IdeaShellPlugin),Set(Atom(sbt.plugins.JvmPlugin)))
[debug] Clause(Atom(sbt.plugins.CorePlugin),Set(Atom(sbt.plugins.IvyPlugin)))
[debug] Clause(Atom(sbt.plugins.IvyPlugin),Set(Atom(sbt.plugins.JvmPlugin)))
[debug] Clause(Atom(sbt.plugins.JvmPlugin),Set(Atom(sbt.plugins.SemanticdbPlugin)))
[debug] Clause(Atom(sbt.plugins.JvmPlugin),Set(Atom(sbt.plugins.JUnitXmlReportPlugin)))
[debug] Clause(Atom(sbt.plugins.CorePlugin),Set(Atom(sbt.plugins.Giter8TemplatePlugin)))
[debug] Clause(Atom(sbt.plugins.JvmPlugin),Set(Atom(sbt.plugins.MiniDependencyTreePlugin)))
[debug] Clause(Atom(sbt.plugins.JvmPlugin),Set(Atom(org.jetbrains.sbt.StructurePlugin)))
[debug] Clause(Atom(sbt.plugins.JvmPlugin),Set(Atom(org.jetbrains.sbt.IdeaShellPlugin))))
[debug]   :: deduced result: Matched(sbt.plugins.CorePlugin,sbt.plugins.Giter8TemplatePlugin,sbt.plugins.IvyPlugin,sbt.plugins.JvmPlugin,sbt.plugins.SemanticdbPlugin,sbt.plugins.JUnitXmlReportPlugin,org.jetbrains.sbt.IdeaShellPlugin,org.jetbrains.sbt.StructurePlugin,sbt.plugins.MiniDependencyTreePlugin)
[debug] Plugins.deducer#function took 5.1315 ms
[info] loading settings for project root from build.sbt ...
[debug]         Load.resolveProject(root) took 50.0833ms
[debug]       Load.loadTransitive: finalizeProject(Project(id root, base: C:\Users\Alexander George\IdeaProjects\HWCS476, plugins: List(<none>))) took 57.351ms
[debug] [Loading] Done in C:\Users\Alexander George\IdeaProjects\HWCS476, returning: (root)
[debug]     Load.loadUnit: loadedProjectsRaw took 2012.6778ms
[debug]     Load.loadUnit: cleanEvalClasses took 21.7897ms
[debug]   Load.loadUnit(file:/C:/Users/Alexander%20George/IdeaProjects/HWCS476/, ...) took 10882.275ms
[debug] Load.apply: load took 10931.68ms
[debug] Load.apply: resolveProjects took 0.1525ms
[debug] Load.apply: finalTransforms took 68.7386ms
[debug] Load.apply: config.delegates took 0.6248ms
[debug] Load.apply: Def.make(settings)... took 125.4387ms
[debug] Load.apply: structureIndex took 51.7844ms
[debug] Load.apply: mkStreams took 0.0024ms
[info] set current project to HWCS476 (in build file:/C:/Users/Alexander%20George/IdeaProjects/HWCS476/)
[debug] > Exec(sbtPopOnFailure, None, None)
[debug] > Exec(resumeFromFailure, None, None)
[debug] > Exec(notifyUsersAboutShell, None, None)
[debug] > Exec(iflast shell, None, None)
[debug] > Exec(idea-shell, None, None)
